[2024-11-01T11:40:48.498087+01:00] cache.DEBUG: Cache metadata cookie set {"user_id":5,"metadata":"{\"status\":\"live\",\"cached_at\":null,\"expires_in_minutes\":null}"} []
[2024-11-01T11:40:48.499493+01:00] cache.INFO: Calculating live weights for user {"user_id":5,"timestamp":"2024-11-01 11:40:48"} []
[2024-11-01T11:40:48.501733+01:00] cache.ERROR: Error calculating user weight {"user_id":5,"language":"Matlab","error":"Table 'lab1.UserSubscriptions' doesn't exist"} []
[2024-11-01T11:40:52.208686+01:00] cache.DEBUG: Cache metadata cookie set {"user_id":5,"metadata":"{\"status\":\"live\",\"cached_at\":null,\"expires_in_minutes\":null}"} []
[2024-11-01T11:40:52.209513+01:00] cache.INFO: Calculating live weights for user {"user_id":5,"timestamp":"2024-11-01 11:40:52"} []
[2024-11-01T11:40:52.210319+01:00] cache.ERROR: Error calculating user weight {"user_id":5,"language":"Matlab","error":"Table 'lab1.UserSubscriptions' doesn't exist"} []
[2024-11-01T11:43:20.738115+01:00] cache.DEBUG: Cache metadata cookie set {"user_id":5,"metadata":"{\"status\":\"live\",\"cached_at\":null,\"expires_in_minutes\":null}"} []
[2024-11-01T11:43:20.739407+01:00] cache.INFO: Calculating live weights for user {"user_id":5,"timestamp":"2024-11-01 11:43:20"} []
[2024-11-01T11:43:20.740410+01:00] cache.ERROR: Error calculating user weight {"user_id":5,"language":"Matlab","error":"Table 'lab1.UserSubscriptions' doesn't exist"} []
[2024-11-01T11:43:20.740499+01:00] cache.ERROR: Error calculating weights {"user_id":5,"error":"Table 'lab1.UserSubscriptions' doesn't exist"} []
[2024-11-01T11:45:54.965105+01:00] cache.DEBUG: Cache metadata cookie set {"user_id":5,"metadata":"{\"status\":\"cached\",\"cached_at\":\"2024-11-01 11:45:54\",\"expires_in_minutes\":57}"} []
[2024-11-01T11:49:51.545620+01:00] cache.DEBUG: Cache metadata cookie set {"user_id":5,"metadata":"{\"status\":\"cached\",\"cached_at\":\"2024-11-01 11:49:51\",\"expires_in_minutes\":53}"} []
[2024-11-01T11:49:52.895368+01:00] cache.DEBUG: Cache metadata cookie set {"user_id":5,"metadata":"{\"status\":\"cached\",\"cached_at\":\"2024-11-01 11:49:52\",\"expires_in_minutes\":53}"} []
[2024-11-01T12:01:26.216658+01:00] cache.DEBUG: Cache metadata cookie set {"user_id":5,"metadata":"{\"status\":\"cached\",\"cached_at\":\"2024-11-01 12:01:26\",\"expires_in_minutes\":42}"} []
[2024-11-01T12:03:21.291492+01:00] cache.DEBUG: Cache metadata cookie set {"user_id":5,"metadata":"{\"status\":\"cached\",\"cached_at\":\"2024-11-01 12:03:21\",\"expires_in_minutes\":40}"} []
[2024-11-01T12:03:26.793208+01:00] cache.DEBUG: Cache metadata cookie set {"user_id":5,"metadata":"{\"status\":\"cached\",\"cached_at\":\"2024-11-01 12:03:26\",\"expires_in_minutes\":40}"} []
[2024-11-01T12:04:11.469187+01:00] cache.DEBUG: Cache metadata cookie set {"user_id":5,"metadata":"{\"status\":\"cached\",\"cached_at\":\"2024-11-01 12:04:11\",\"expires_in_minutes\":39}"} []
[2024-11-01T12:05:22.088464+01:00] cache.DEBUG: Cache metadata cookie set {"user_id":5,"metadata":"{\"status\":\"cached\",\"cached_at\":\"2024-11-01 12:05:22\",\"expires_in_minutes\":38}"} []
[2024-11-01T12:08:26.252745+01:00] cache.DEBUG: Cache metadata cookie set {"user_id":5,"metadata":"{\"status\":\"cached\",\"cached_at\":\"2024-11-01 12:08:26\",\"expires_in_minutes\":35}"} []
[2024-11-01T12:13:45.219623+01:00] cache.DEBUG: Cache status {"user_id":5,"status":{"status":"cached","cached_at":"2024-11-01 12:13:45","expires_in_minutes":30}} []
[2024-11-01T12:15:45.597161+01:00] cache.DEBUG: Cache status {"user_id":5,"status":{"status":"cached","cached_at":"2024-11-01 12:15:45","expires_in_minutes":28}} []
[2024-11-01T12:15:47.307201+01:00] cache.DEBUG: Cache status {"user_id":5,"status":{"status":"cached","cached_at":"2024-11-01 12:15:47","expires_in_minutes":28}} []
[2024-11-01T12:16:59.392612+01:00] cache.DEBUG: Cache status {"user_id":5,"status":{"status":"cached","cached_at":"2024-11-01 12:16:59","expires_in_minutes":26}} []
[2024-11-01T12:17:27.788486+01:00] cache.DEBUG: Cache status {"user_id":5,"status":{"status":"cached","cached_at":"2024-11-01 12:17:27","expires_in_minutes":26}} []
[2024-11-01T12:18:32.762195+01:00] cache.DEBUG: Cache status {"user_id":5,"status":{"status":"cached","cached_at":"2024-11-01 12:18:32","expires_in_minutes":25}} []
[2024-11-01T12:20:13.594233+01:00] cache.DEBUG: Cache status {"user_id":5,"status":{"status":"cached","cached_at":"2024-11-01 12:20:13","expires_in_minutes":23}} []
[2024-11-01T12:20:14.849741+01:00] cache.DEBUG: Cache status {"user_id":5,"status":{"status":"cached","cached_at":"2024-11-01 12:20:14","expires_in_minutes":23}} []
[2024-11-01T12:20:18.477617+01:00] cache.DEBUG: Cache status {"user_id":5,"status":{"status":"cached","cached_at":"2024-11-01 12:20:18","expires_in_minutes":23}} []
[2024-11-01T12:20:19.437879+01:00] cache.DEBUG: Cache status {"user_id":5,"status":{"status":"cached","cached_at":"2024-11-01 12:20:19","expires_in_minutes":23}} []
[2024-11-01T12:21:43.219112+01:00] cache.DEBUG: Cache status {"user_id":5,"status":{"status":"cached","cached_at":"2024-11-01 12:21:43","expires_in_minutes":22}} []
[2024-11-01T12:21:44.616325+01:00] cache.INFO: Cache cleared for user {"user_id":5,"timestamp":"2024-11-01 12:21:44"} []
[2024-11-01T12:21:44.627127+01:00] cache.DEBUG: Cache status {"user_id":5,"status":{"status":"live","cached_at":null,"expires_in_minutes":null}} []
[2024-11-01T12:21:44.630740+01:00] cache.DEBUG: Calculated weights {"user_id":5,"weights":{"Matlab":{"baseWeight":2.0,"subscriptionWeight":0.0,"totalWeight":2.0,"views":2,"likes":0},"Python":{"baseWeight":1.0,"subscriptionWeight":0.0,"totalWeight":1.0,"views":1,"likes":1}}} []
[2024-11-01T12:21:50.922557+01:00] cache.DEBUG: Cache status {"user_id":5,"status":{"status":"cached","cached_at":"2024-11-01 12:21:50","expires_in_minutes":60}} []
[2024-11-01T12:23:25.087923+01:00] cache.DEBUG: Cache status {"user_id":5,"status":{"status":"cached","cached_at":"2024-11-01 12:23:25","expires_in_minutes":58}} []
[2024-11-01T12:23:30.852832+01:00] cache.INFO: Cache cleared for user {"user_id":5,"timestamp":"2024-11-01 12:23:30"} []
[2024-11-01T12:23:30.864407+01:00] cache.DEBUG: Cache status {"user_id":5,"status":{"status":"live","cached_at":null,"expires_in_minutes":null}} []
[2024-11-01T12:23:30.866915+01:00] cache.DEBUG: Calculated weights {"user_id":5,"weights":{"Matlab":{"baseWeight":2.0,"subscriptionWeight":0.0,"totalWeight":2.0,"views":2,"likes":0},"Python":{"baseWeight":1.0,"subscriptionWeight":0.0,"totalWeight":1.0,"views":1,"likes":1}}} []
[2024-11-01T12:23:34.062004+01:00] cache.DEBUG: Cache status {"user_id":5,"status":{"status":"cached","cached_at":"2024-11-01 12:23:34","expires_in_minutes":60}} []
[2024-11-01T12:23:37.542240+01:00] cache.INFO: Cache cleared for user {"user_id":5,"timestamp":"2024-11-01 12:23:37"} []
[2024-11-01T12:23:37.552864+01:00] cache.DEBUG: Cache status {"user_id":5,"status":{"status":"live","cached_at":null,"expires_in_minutes":null}} []
[2024-11-01T12:23:37.555196+01:00] cache.DEBUG: Calculated weights {"user_id":5,"weights":{"Matlab":{"baseWeight":2.0,"subscriptionWeight":0.0,"totalWeight":2.0,"views":2,"likes":0},"Python":{"baseWeight":1.0,"subscriptionWeight":0.0,"totalWeight":1.0,"views":1,"likes":1}}} []
[2024-11-01T12:23:40.506773+01:00] cache.DEBUG: Cache status {"user_id":5,"status":{"status":"cached","cached_at":"2024-11-01 12:23:40","expires_in_minutes":60}} []
[2024-11-01T12:27:35.619451+01:00] cache.DEBUG: Cache status {"user_id":5,"status":{"status":"cached","cached_at":"2024-11-01 12:27:35","expires_in_minutes":56}} []
[2024-11-01T12:27:35.620388+01:00] cache.DEBUG: Cache status {"user_id":5,"status":{"status":"cached","cached_at":"2024-11-01 12:27:35","expires_in_minutes":56}} []
[2024-11-01T12:27:35.620454+01:00] cache.DEBUG: Cache metadata cookie set {"user_id":5,"metadata":"{\"status\":\"cached\",\"cached_at\":\"2024-11-01 12:27:35\",\"expires_in_minutes\":56}"} []
[2024-11-01T12:28:59.726274+01:00] cache.INFO: Cache cleared for user {"user_id":5,"timestamp":"2024-11-01 12:28:59"} []
[2024-11-01T12:28:59.737076+01:00] cache.DEBUG: Cache status {"user_id":5,"status":{"status":"live","cached_at":null,"expires_in_minutes":null}} []
[2024-11-01T12:28:59.754295+01:00] cache.DEBUG: Calculated weights {"user_id":5,"weights":{"Matlab":{"baseWeight":2.0,"subscriptionWeight":0.0,"totalWeight":2.0,"views":2,"likes":0},"Python":{"baseWeight":1.0,"subscriptionWeight":0.0,"totalWeight":1.0,"views":1,"likes":1}}} []
[2024-11-01T12:28:59.754971+01:00] cache.DEBUG: Cache status {"user_id":5,"status":{"status":"cached","cached_at":"2024-11-01 12:28:59","expires_in_minutes":60}} []
[2024-11-01T12:28:59.755073+01:00] cache.DEBUG: Cache metadata cookie set {"user_id":5,"metadata":"{\"status\":\"live\",\"cached_at\":\"2024-11-01 12:28:59\",\"expires_in_minutes\":60,\"languages\":[\"Matlab\",\"Python\"],\"weights\":{\"Matlab\":{\"base\":2,\"subscription\":0,\"total\":2,\"stats\":{\"views\":2,\"likes\":0}},\"Python\":{\"base\":1,\"subscription\":0,\"total\":1,\"stats\":{\"views\":1,\"likes\":1}}}}"} []
[2024-11-01T15:59:49.774559+01:00] cache.DEBUG: Cache status {"user_id":8,"status":{"status":"live","cached_at":null,"expires_in_minutes":null}} []
[2024-11-01T15:59:49.781844+01:00] cache.DEBUG: Calculated weights {"user_id":8,"weights":[]} []
[2024-11-01T15:59:49.783072+01:00] cache.DEBUG: Cache status {"user_id":8,"status":{"status":"cached","cached_at":"2024-11-01 15:59:49","expires_in_minutes":60}} []
[2024-11-01T15:59:49.783203+01:00] cache.DEBUG: Cache metadata cookie set {"user_id":8,"metadata":"{\"status\":\"live\",\"cached_at\":\"2024-11-01 15:59:49\",\"expires_in_minutes\":60,\"languages\":[],\"weights\":[]}"} []
